# JRE version: Java(TM) SE Runtime Environment (17.0.12+8) (build 17.0.12+8-LTS-286)
# Java VM: Java HotSpot(TM) 64-Bit Server VM (17.0.12+8-LTS-286, mixed mode, emulated-client, sharing, tiered, compressed oops, compressed class ptrs, g1 gc, windows-amd64)
GC Precious Log:
 CPUs: 4 total, 4 available
 Memory: 3930M
 Large Page Support: Disabled
 NUMA Support: Disabled
 Compressed Oops: Enabled (32-bit)
 Heap Region Size: 1M
 Heap Min Capacity: 8M
 Heap Initial Capacity: 62M
 Heap Max Capacity: 984M
 Pre-touch: Disabled
 Parallel Workers: 4
 Concurrent Workers: 1
 Concurrent Refinement Workers: 4
 Periodic GC: Disabled
Heap:
 garbage-first heap   total 106496K, used 52816K [0x00000000c2800000, 0x0000000100000000)
  region size 1024K, 2 young (2048K), 2 survivors (2048K)
 Metaspace       used 68061K, committed 68608K, reserved 1114112K
  class space    used 9799K, committed 10048K, reserved 1048576K
GC Heap History (20 events):
Event: 5.838 GC heap after
{Heap after GC invocations=10 (full 0):
 garbage-first heap   total 86016K, used 21352K [0x00000000c2800000, 0x0000000100000000)
  region size 1024K, 5 young (5120K), 5 survivors (5120K)
 Metaspace       used 32880K, committed 33280K, reserved 1114112K
  class space    used 4724K, committed 4928K, reserved 1048576K
}
Event: 6.538 GC heap before
{Heap before GC invocations=10 (full 0):
 garbage-first heap   total 86016K, used 39784K [0x00000000c2800000, 0x0000000100000000)
  region size 1024K, 23 young (23552K), 5 survivors (5120K)
 Metaspace       used 35543K, committed 35968K, reserved 1114112K
  class space    used 5051K, committed 5248K, reserved 1048576K
}
Event: 6.549 GC heap after
{Heap after GC invocations=11 (full 0):
 garbage-first heap   total 86016K, used 22972K [0x00000000c2800000, 0x0000000100000000)
  region size 1024K, 2 young (2048K), 2 survivors (2048K)
 Metaspace       used 35543K, committed 35968K, reserved 1114112K
  class space    used 5051K, committed 5248K, reserved 1048576K
}
Event: 8.851 GC heap before
{Heap before GC invocations=12 (full 0):
 garbage-first heap   total 81920K, used 65980K [0x00000000c2800000, 0x0000000100000000)
  region size 1024K, 44 young (45056K), 2 survivors (2048K)
 Metaspace       used 48534K, committed 49024K, reserved 1114112K
  class space    used 6819K, committed 7040K, reserved 1048576K
}
Event: 8.857 GC heap after
{Heap after GC invocations=13 (full 0):
 garbage-first heap   total 81920K, used 26215K [0x00000000c2800000, 0x0000000100000000)
  region size 1024K, 5 young (5120K), 5 survivors (5120K)
 Metaspace       used 48534K, committed 49024K, reserved 1114112K
  class space    used 6819K, committed 7040K, reserved 1048576K
}
Event: 9.956 GC heap before
{Heap before GC invocations=13 (full 0):
 garbage-first heap   total 81920K, used 63079K [0x00000000c2800000, 0x0000000100000000)
  region size 1024K, 41 young (41984K), 5 survivors (5120K)
 Metaspace       used 57774K, committed 58240K, reserved 1114112K
  class space    used 8259K, committed 8512K, reserved 1048576K
}
Event: 9.963 GC heap after
{Heap after GC invocations=14 (full 0):
 garbage-first heap   total 81920K, used 28272K [0x00000000c2800000, 0x0000000100000000)
  region size 1024K, 3 young (3072K), 3 survivors (3072K)
 Metaspace       used 57774K, committed 58240K, reserved 1114112K
  class space    used 8259K, committed 8512K, reserved 1048576K
}
Event: 10.189 GC heap before
{Heap before GC invocations=14 (full 0):
 garbage-first heap   total 81920K, used 36464K [0x00000000c2800000, 0x0000000100000000)
  region size 1024K, 12 young (12288K), 3 survivors (3072K)
 Metaspace       used 59792K, committed 60288K, reserved 1114112K
  class space    used 8618K, committed 8896K, reserved 1048576K
}
Event: 10.192 GC heap after
{Heap after GC invocations=15 (full 0):
 garbage-first heap   total 81920K, used 28693K [0x00000000c2800000, 0x0000000100000000)
  region size 1024K, 3 young (3072K), 3 survivors (3072K)
 Metaspace       used 59792K, committed 60288K, reserved 1114112K
  class space    used 8618K, committed 8896K, reserved 1048576K
}
Event: 10.947 GC heap before
{Heap before GC invocations=16 (full 0):
 garbage-first heap   total 81920K, used 65557K [0x00000000c2800000, 0x0000000100000000)
  region size 1024K, 39 young (39936K), 3 survivors (3072K)
 Metaspace       used 64736K, committed 65280K, reserved 1114112K
  class space    used 9342K, committed 9600K, reserved 1048576K
}
Event: 10.953 GC heap after
{Heap after GC invocations=17 (full 0):
 garbage-first heap   total 81920K, used 31140K [0x00000000c2800000, 0x0000000100000000)
  region size 1024K, 5 young (5120K), 5 survivors (5120K)
 Metaspace       used 64736K, committed 65280K, reserved 1114112K
  class space    used 9342K, committed 9600K, reserved 1048576K
}
Event: 11.477 GC heap before
{Heap before GC invocations=18 (full 0):
 garbage-first heap   total 81920K, used 64932K [0x00000000c2800000, 0x0000000100000000)
  region size 1024K, 38 young (38912K), 5 survivors (5120K)
 Metaspace       used 67964K, committed 68544K, reserved 1114112K
  class space    used 9785K, committed 10048K, reserved 1048576K
}
Event: 11.486 GC heap after
{Heap after GC invocations=19 (full 0):
 garbage-first heap   total 81920K, used 36278K [0x00000000c2800000, 0x0000000100000000)
  region size 1024K, 5 young (5120K), 5 survivors (5120K)
 Metaspace       used 67964K, committed 68544K, reserved 1114112K
  class space    used 9785K, committed 10048K, reserved 1048576K
}
Event: 11.685 GC heap before
{Heap before GC invocations=19 (full 0):
 garbage-first heap   total 81920K, used 63926K [0x00000000c2800000, 0x0000000100000000)
  region size 1024K, 32 young (32768K), 5 survivors (5120K)
 Metaspace       used 67964K, committed 68544K, reserved 1114112K
  class space    used 9785K, committed 10048K, reserved 1048576K
}
Event: 11.695 GC heap after
{Heap after GC invocations=20 (full 0):
 garbage-first heap   total 81920K, used 40428K [0x00000000c2800000, 0x0000000100000000)
  region size 1024K, 4 young (4096K), 4 survivors (4096K)
 Metaspace       used 67964K, committed 68544K, reserved 1114112K
  class space    used 9785K, committed 10048K, reserved 1048576K
}
Event: 11.877 GC heap before
{Heap before GC invocations=20 (full 0):
 garbage-first heap   total 81920K, used 62956K [0x00000000c2800000, 0x0000000100000000)
  region size 1024K, 27 young (27648K), 4 survivors (4096K)
 Metaspace       used 68061K, committed 68608K, reserved 1114112K
  class space    used 9799K, committed 10048K, reserved 1048576K
}
Event: 11.888 GC heap after
{Heap after GC invocations=21 (full 0):
 garbage-first heap   total 81920K, used 48521K [0x00000000c2800000, 0x0000000100000000)
  region size 1024K, 4 young (4096K), 4 survivors (4096K)
 Metaspace       used 68061K, committed 68608K, reserved 1114112K
  class space    used 9799K, committed 10048K, reserved 1048576K
}
Event: 11.889 GC heap before
{Heap before GC invocations=21 (full 0):
 garbage-first heap   total 81920K, used 48521K [0x00000000c2800000, 0x0000000100000000)
  region size 1024K, 5 young (5120K), 4 survivors (4096K)
 Metaspace       used 68061K, committed 68608K, reserved 1114112K
  class space    used 9799K, committed 10048K, reserved 1048576K
}
Event: 11.893 GC heap after
{Heap after GC invocations=22 (full 0):
 garbage-first heap   total 81920K, used 49943K [0x00000000c2800000, 0x0000000100000000)
  region size 1024K, 1 young (1024K), 1 survivors (1024K)
 Metaspace       used 68061K, committed 68608K, reserved 1114112K
  class space    used 9799K, committed 10048K, reserved 1048576K
}
Event: 12.003 GC heap before
{Heap before GC invocations=22 (full 0):
 garbage-first heap   total 106496K, used 64279K [0x00000000c2800000, 0x0000000100000000)
  region size 1024K, 15 young (15360K), 1 survivors (1024K)
 Metaspace       used 68061K, committed 68608K, reserved 1114112K
  class space    used 9799K, committed 10048K, reserved 1048576K
}

